<?xml version="1.0" encoding="UTF-8"?>
<!-- Generated by org.testng.reporters.JUnitReportReporter -->
<testsuite skipped="0" hostname="Riya-15I93LU" name="com.Exeter.tests.PrivacyPolicyTest" tests="1" failures="0" timestamp="2023-02-05T16:19:51 IST" time="5.107" errors="0">
  <testcase name="LaunchedSetup" time="5.107" classname="com.Exeter.tests.PrivacyPolicyTest"/>
  <system-out/>
</testsuite> <!-- com.Exeter.tests.PrivacyPolicyTest -->
